<?xml version="1.0" encoding="UTF-8"?>
<!-- Generated by org.testng.reporters.JUnitReportReporter -->
<testsuite hostname="DESKTOP-QCVUE6B" failures="0" tests="3" name="test.TestClassTest" time="6.401" errors="0" timestamp="2024-06-10T18:46:09 IST" skipped="0">
  <testcase classname="test.TestClassTest" name="verifyUserCanLogin" time="2.387"/>
  <system-out/>
  <testcase classname="test.TestClassTest" name="verifyUserCanLogin" time="1.972"/>
  <system-out/>
  <testcase classname="test.TestClassTest" name="verifyUserCanLogin" time="2.042"/>
  <system-out/>
</testsuite> <!-- test.TestClassTest -->
