<?xml version="1.0" encoding="UTF-8"?>
<!-- Generated by org.testng.reporters.JUnitReportReporter -->
<testsuite hostname="DESKTOP-QCVUE6B" failures="0" tests="3" name="test.TestClassTest" time="7.705" errors="0" timestamp="2024-06-05T00:37:47 IST" skipped="0">
  <testcase classname="test.TestClassTest" name="verifyUserCanLogin" time="2.766"/>
  <system-out/>
  <testcase classname="test.TestClassTest" name="verifyUserCanLogin" time="2.553"/>
  <system-out/>
  <testcase classname="test.TestClassTest" name="verifyUserCanLogin" time="2.386"/>
  <system-out/>
</testsuite> <!-- test.TestClassTest -->
